app/build/intermediates/manifest_merge_blame_file/debug/processDebugMainManifest/manifest-merger-blame-debug-report.txt
1<?xml version="1.0" encoding="utf-8"?>
2<manifest xmlns:android="http://schemas.android.com/apk/res/android"
3    package="com.hakuji.aula_tapweb"
4    android:versionCode="1"
5    android:versionName="1.0" >
6
7    <uses-sdk
8        android:minSdkVersion="24"
9        android:targetSdkVersion="36" />
10
11    <uses-permission android:name="android.permission.INTERNET" />
11-->[com.google.firebase:firebase-auth:24.0.1] AndroidManifest.xml:25:5-67
11-->[com.google.firebase:firebase-auth:24.0.1] AndroidManifest.xml:25:22-64
12    <uses-permission android:name="android.permission.ACCESS_NETWORK_STATE" />
12-->[com.google.firebase:firebase-auth:24.0.1] AndroidManifest.xml:26:5-79
12-->[com.google.firebase:firebase-auth:24.0.1] AndroidManifest.xml:26:22-76
13    <uses-permission android:name="com.google.android.providers.gsf.permission.READ_GSERVICES" />
13-->[com.google.android.recaptcha:recaptcha:18.6.1] AndroidManifest.xml:9:5-98
13-->[com.google.android.recaptcha:recaptcha:18.6.1] AndroidManifest.xml:9:22-95
14
15    <permission
15-->[androidx.core:core:1.17.0] AndroidManifest.xml:22:5-24:47
16        android:name="com.hakuji.aula_tapweb.DYNAMIC_RECEIVER_NOT_EXPORTED_PERMISSION"
16-->[androidx.core:core:1.17.0] AndroidManifest.xml:23:9-81
17        android:protectionLevel="signature" />
17-->[androidx.core:core:1.17.0] AndroidManifest.xml:24:9-44
18
19    <uses-permission android:name="com.hakuji.aula_tapweb.DYNAMIC_RECEIVER_NOT_EXPORTED_PERMISSION" />
19-->[androidx.core:core:1.17.0] AndroidManifest.xml:26:5-97
19-->[androidx.core:core:1.17.0] AndroidManifest.xml:26:22-94
20
21    <application
21-->src/main/AndroidManifest.xml:5:5-25:19
22        android:allowBackup="true"
22-->src/main/AndroidManifest.xml:6:9-35
23        android:appComponentFactory="androidx.core.app.CoreComponentFactory"
23-->[androidx.core:core:1.17.0] AndroidManifest.xml:28:18-86
24        android:dataExtractionRules="@xml/data_extraction_rules"
24-->src/main/AndroidManifest.xml:7:9-65
25        android:debuggable="true"
26        android:extractNativeLibs="false"
27        android:fullBackupContent="@xml/backup_rules"
27-->src/main/AndroidManifest.xml:8:9-54
28        android:icon="@mipmap/ic_launcher"
28-->src/main/AndroidManifest.xml:9:9-43
29        android:label="@string/app_name"
29-->src/main/AndroidManifest.xml:10:9-41
30        android:roundIcon="@mipmap/ic_launcher_round"
30-->src/main/AndroidManifest.xml:11:9-54
31        android:supportsRtl="true"
31-->src/main/AndroidManifest.xml:12:9-35
32        android:theme="@style/Theme.Aulatapweb" >
32-->src/main/AndroidManifest.xml:13:9-48
33        <activity
33-->src/main/AndroidManifest.xml:14:9-24:20
34            android:name="com.hakuji.aula_tapweb.MainActivity"
34-->src/main/AndroidManifest.xml:15:13-41
35            android:exported="true"
35-->src/main/AndroidManifest.xml:16:13-36
36            android:label="@string/app_name"
36-->src/main/AndroidManifest.xml:17:13-45
37            android:theme="@style/Theme.Aulatapweb" >
37-->src/main/AndroidManifest.xml:18:13-52
38            <intent-filter>
38-->src/main/AndroidManifest.xml:19:13-23:29
39                <action android:name="android.intent.action.MAIN" />
39-->src/main/AndroidManifest.xml:20:17-69
39-->src/main/AndroidManifest.xml:20:25-66
40
41                <category android:name="android.intent.category.LAUNCHER" />
41-->src/main/AndroidManifest.xml:22:17-77
41-->src/main/AndroidManifest.xml:22:27-74
42            </intent-filter>
43        </activity>
44        <activity
44-->[com.google.firebase:firebase-auth:24.0.1] AndroidManifest.xml:29:9-46:20
45            android:name="com.google.firebase.auth.internal.GenericIdpActivity"
45-->[com.google.firebase:firebase-auth:24.0.1] AndroidManifest.xml:30:13-80
46            android:excludeFromRecents="true"
46-->[com.google.firebase:firebase-auth:24.0.1] AndroidManifest.xml:31:13-46
47            android:exported="true"
47-->[com.google.firebase:firebase-auth:24.0.1] AndroidManifest.xml:32:13-36
48            android:launchMode="singleTask"
48-->[com.google.firebase:firebase-auth:24.0.1] AndroidManifest.xml:33:13-44
49            android:theme="@android:style/Theme.Translucent.NoTitleBar" >
49-->[com.google.firebase:firebase-auth:24.0.1] AndroidManifest.xml:34:13-72
50            <intent-filter>
50-->[com.google.firebase:firebase-auth:24.0.1] AndroidManifest.xml:35:13-45:29
51                <action android:name="android.intent.action.VIEW" />
51-->[com.google.firebase:firebase-auth:24.0.1] AndroidManifest.xml:36:17-69
51-->[com.google.firebase:firebase-auth:24.0.1] AndroidManifest.xml:36:25-66
52
53                <category android:name="android.intent.category.DEFAULT" />
53-->[com.google.firebase:firebase-auth:24.0.1] AndroidManifest.xml:38:17-76
53-->[com.google.firebase:firebase-auth:24.0.1] AndroidManifest.xml:38:27-73
54                <category android:name="android.intent.category.BROWSABLE" />
54-->[com.google.firebase:firebase-auth:24.0.1] AndroidManifest.xml:39:17-78
54-->[com.google.firebase:firebase-auth:24.0.1] AndroidManifest.xml:39:27-75
55
56                <data
56-->[com.google.firebase:firebase-auth:24.0.1] AndroidManifest.xml:41:17-44:51
57                    android:host="firebase.auth"
57-->[com.google.firebase:firebase-auth:24.0.1] AndroidManifest.xml:42:21-49
58                    android:path="/"
58-->[com.google.firebase:firebase-auth:24.0.1] AndroidManifest.xml:43:21-37
59                    android:scheme="genericidp" />
59-->[com.google.firebase:firebase-auth:24.0.1] AndroidManifest.xml:44:21-48
60            </intent-filter>
61        </activity>
62        <activity
62-->[com.google.firebase:firebase-auth:24.0.1] AndroidManifest.xml:47:9-64:20
63            android:name="com.google.firebase.auth.internal.RecaptchaActivity"
63-->[com.google.firebase:firebase-auth:24.0.1] AndroidManifest.xml:48:13-79
64            android:excludeFromRecents="true"
64-->[com.google.firebase:firebase-auth:24.0.1] AndroidManifest.xml:49:13-46
65            android:exported="true"
65-->[com.google.firebase:firebase-auth:24.0.1] AndroidManifest.xml:50:13-36
66            android:launchMode="singleTask"
66-->[com.google.firebase:firebase-auth:24.0.1] AndroidManifest.xml:51:13-44
67            android:theme="@android:style/Theme.Translucent.NoTitleBar" >
67-->[com.google.firebase:firebase-auth:24.0.1] AndroidManifest.xml:52:13-72
68            <intent-filter>
68-->[com.google.firebase:firebase-auth:24.0.1] AndroidManifest.xml:53:13-63:29
69                <action android:name="android.intent.action.VIEW" />
69-->[com.google.firebase:firebase-auth:24.0.1] AndroidManifest.xml:36:17-69
69-->[com.google.firebase:firebase-auth:24.0.1] AndroidManifest.xml:36:25-66
70
71                <category android:name="android.intent.category.DEFAULT" />
71-->[com.google.firebase:firebase-auth:24.0.1] AndroidManifest.xml:38:17-76
71-->[com.google.firebase:firebase-auth:24.0.1] AndroidManifest.xml:38:27-73
72                <category android:name="android.intent.category.BROWSABLE" />
72-->[com.google.firebase:firebase-auth:24.0.1] AndroidManifest.xml:39:17-78
72-->[com.google.firebase:firebase-auth:24.0.1] AndroidManifest.xml:39:27-75
73
74                <data
74-->[com.google.firebase:firebase-auth:24.0.1] AndroidManifest.xml:41:17-44:51
75                    android:host="firebase.auth"
75-->[com.google.firebase:firebase-auth:24.0.1] AndroidManifest.xml:42:21-49
76                    android:path="/"
76-->[com.google.firebase:firebase-auth:24.0.1] AndroidManifest.xml:43:21-37
77                    android:scheme="recaptcha" />
77-->[com.google.firebase:firebase-auth:24.0.1] AndroidManifest.xml:44:21-48
78            </intent-filter>
79        </activity>
80
81        <service
81-->[com.google.firebase:firebase-auth:24.0.1] AndroidManifest.xml:66:9-72:19
82            android:name="com.google.firebase.components.ComponentDiscoveryService"
82-->[com.google.firebase:firebase-auth:24.0.1] AndroidManifest.xml:67:13-84
83            android:directBootAware="true"
83-->[com.google.firebase:firebase-common:21.0.0] AndroidManifest.xml:32:13-43
84            android:exported="false" >
84-->[com.google.firebase:firebase-auth:24.0.1] AndroidManifest.xml:68:13-37
85            <meta-data
85-->[com.google.firebase:firebase-auth:24.0.1] AndroidManifest.xml:69:13-71:85
86                android:name="com.google.firebase.components:com.google.firebase.auth.FirebaseAuthRegistrar"
86-->[com.google.firebase:firebase-auth:24.0.1] AndroidManifest.xml:70:17-109
87                android:value="com.google.firebase.components.ComponentRegistrar" />
87-->[com.google.firebase:firebase-auth:24.0.1] AndroidManifest.xml:71:17-82
88            <meta-data
88-->[com.google.firebase:firebase-common:21.0.0] AndroidManifest.xml:35:13-37:85
89                android:name="com.google.firebase.components:com.google.firebase.FirebaseCommonKtxRegistrar"
89-->[com.google.firebase:firebase-common:21.0.0] AndroidManifest.xml:36:17-109
90                android:value="com.google.firebase.components.ComponentRegistrar" />
90-->[com.google.firebase:firebase-common:21.0.0] AndroidManifest.xml:37:17-82
91        </service>
92        <service
92-->[androidx.credentials:credentials-play-services-auth:1.2.0-rc01] AndroidManifest.xml:24:9-32:19
93            android:name="androidx.credentials.playservices.CredentialProviderMetadataHolder"
93-->[androidx.credentials:credentials-play-services-auth:1.2.0-rc01] AndroidManifest.xml:25:13-94
94            android:enabled="true"
94-->[androidx.credentials:credentials-play-services-auth:1.2.0-rc01] AndroidManifest.xml:26:13-35
95            android:exported="false" >
95-->[androidx.credentials:credentials-play-services-auth:1.2.0-rc01] AndroidManifest.xml:27:13-37
96            <meta-data
96-->[androidx.credentials:credentials-play-services-auth:1.2.0-rc01] AndroidManifest.xml:29:13-31:104
97                android:name="androidx.credentials.CREDENTIAL_PROVIDER_KEY"
97-->[androidx.credentials:credentials-play-services-auth:1.2.0-rc01] AndroidManifest.xml:30:17-76
98                android:value="androidx.credentials.playservices.CredentialProviderPlayServicesImpl" />
98-->[androidx.credentials:credentials-play-services-auth:1.2.0-rc01] AndroidManifest.xml:31:17-101
99        </service>
100
101        <activity
101-->[androidx.credentials:credentials-play-services-auth:1.2.0-rc01] AndroidManifest.xml:34:9-41:20
102            android:name="androidx.credentials.playservices.HiddenActivity"
102-->[androidx.credentials:credentials-play-services-auth:1.2.0-rc01] AndroidManifest.xml:35:13-76
103            android:configChanges="orientation|screenSize|screenLayout|keyboardHidden"
103-->[androidx.credentials:credentials-play-services-auth:1.2.0-rc01] AndroidManifest.xml:36:13-87
104            android:enabled="true"
104-->[androidx.credentials:credentials-play-services-auth:1.2.0-rc01] AndroidManifest.xml:37:13-35
105            android:exported="false"
105-->[androidx.credentials:credentials-play-services-auth:1.2.0-rc01] AndroidManifest.xml:38:13-37
106            android:fitsSystemWindows="true"
106-->[androidx.credentials:credentials-play-services-auth:1.2.0-rc01] AndroidManifest.xml:39:13-45
107            android:theme="@style/Theme.Hidden" >
107-->[androidx.credentials:credentials-play-services-auth:1.2.0-rc01] AndroidManifest.xml:40:13-48
108        </activity>
109        <activity
109-->[com.google.android.gms:play-services-auth:20.7.0] AndroidManifest.xml:23:9-27:75
110            android:name="com.google.android.gms.auth.api.signin.internal.SignInHubActivity"
110-->[com.google.android.gms:play-services-auth:20.7.0] AndroidManifest.xml:24:13-93
111            android:excludeFromRecents="true"
111-->[com.google.android.gms:play-services-auth:20.7.0] AndroidManifest.xml:25:13-46
112            android:exported="false"
112-->[com.google.android.gms:play-services-auth:20.7.0] AndroidManifest.xml:26:13-37
113            android:theme="@android:style/Theme.Translucent.NoTitleBar" />
113-->[com.google.android.gms:play-services-auth:20.7.0] AndroidManifest.xml:27:13-72
114        <!--
115            Service handling Google Sign-In user revocation. For apps that do not integrate with
116            Google Sign-In, this service will never be started.
117        -->
118        <service
118-->[com.google.android.gms:play-services-auth:20.7.0] AndroidManifest.xml:33:9-37:51
119            android:name="com.google.android.gms.auth.api.signin.RevocationBoundService"
119-->[com.google.android.gms:play-services-auth:20.7.0] AndroidManifest.xml:34:13-89
120            android:exported="true"
120-->[com.google.android.gms:play-services-auth:20.7.0] AndroidManifest.xml:35:13-36
121            android:permission="com.google.android.gms.auth.api.signin.permission.REVOCATION_NOTIFICATION"
121-->[com.google.android.gms:play-services-auth:20.7.0] AndroidManifest.xml:36:13-107
122            android:visibleToInstantApps="true" />
122-->[com.google.android.gms:play-services-auth:20.7.0] AndroidManifest.xml:37:13-48
123
124        <provider
124-->[com.google.firebase:firebase-common:21.0.0] AndroidManifest.xml:23:9-28:39
125            android:name="com.google.firebase.provider.FirebaseInitProvider"
125-->[com.google.firebase:firebase-common:21.0.0] AndroidManifest.xml:24:13-77
126            android:authorities="com.hakuji.aula_tapweb.firebaseinitprovider"
126-->[com.google.firebase:firebase-common:21.0.0] AndroidManifest.xml:25:13-72
127            android:directBootAware="true"
127-->[com.google.firebase:firebase-common:21.0.0] AndroidManifest.xml:26:13-43
128            android:exported="false"
128-->[com.google.firebase:firebase-common:21.0.0] AndroidManifest.xml:27:13-37
129            android:initOrder="100" />
129-->[com.google.firebase:firebase-common:21.0.0] AndroidManifest.xml:28:13-36
130
131        <activity
131-->[com.google.android.gms:play-services-base:18.0.1] AndroidManifest.xml:20:9-22:45
132            android:name="com.google.android.gms.common.api.GoogleApiActivity"
132-->[com.google.android.gms:play-services-base:18.0.1] AndroidManifest.xml:20:19-85
133            android:exported="false"
133-->[com.google.android.gms:play-services-base:18.0.1] AndroidManifest.xml:22:19-43
134            android:theme="@android:style/Theme.Translucent.NoTitleBar" />
134-->[com.google.android.gms:play-services-base:18.0.1] AndroidManifest.xml:21:19-78
135        <activity
135-->[androidx.compose.ui:ui-tooling-android:1.9.0] AndroidManifest.xml:23:9-25:39
136            android:name="androidx.compose.ui.tooling.PreviewActivity"
136-->[androidx.compose.ui:ui-tooling-android:1.9.0] AndroidManifest.xml:24:13-71
137            android:exported="true" />
137-->[androidx.compose.ui:ui-tooling-android:1.9.0] AndroidManifest.xml:25:13-36
138        <activity
138-->[androidx.compose.ui:ui-test-manifest:1.9.0] AndroidManifest.xml:23:9-26:79
139            android:name="androidx.activity.ComponentActivity"
139-->[androidx.compose.ui:ui-test-manifest:1.9.0] AndroidManifest.xml:24:13-63
140            android:exported="true"
140-->[androidx.compose.ui:ui-test-manifest:1.9.0] AndroidManifest.xml:25:13-36
141            android:theme="@android:style/Theme.Material.Light.NoActionBar" />
141-->[androidx.compose.ui:ui-test-manifest:1.9.0] AndroidManifest.xml:26:13-76
142
143        <provider
143-->[androidx.emoji2:emoji2:1.4.0] AndroidManifest.xml:24:9-32:20
144            android:name="androidx.startup.InitializationProvider"
144-->[androidx.emoji2:emoji2:1.4.0] AndroidManifest.xml:25:13-67
145            android:authorities="com.hakuji.aula_tapweb.androidx-startup"
145-->[androidx.emoji2:emoji2:1.4.0] AndroidManifest.xml:26:13-68
146            android:exported="false" >
146-->[androidx.emoji2:emoji2:1.4.0] AndroidManifest.xml:27:13-37
147            <meta-data
147-->[androidx.emoji2:emoji2:1.4.0] AndroidManifest.xml:29:13-31:52
148                android:name="androidx.emoji2.text.EmojiCompatInitializer"
148-->[androidx.emoji2:emoji2:1.4.0] AndroidManifest.xml:30:17-75
149                android:value="androidx.startup" />
149-->[androidx.emoji2:emoji2:1.4.0] AndroidManifest.xml:31:17-49
150            <meta-data
150-->[androidx.lifecycle:lifecycle-process:2.9.4] AndroidManifest.xml:29:13-31:52
151                android:name="androidx.lifecycle.ProcessLifecycleInitializer"
151-->[androidx.lifecycle:lifecycle-process:2.9.4] AndroidManifest.xml:30:17-78
152                android:value="androidx.startup" />
152-->[androidx.lifecycle:lifecycle-process:2.9.4] AndroidManifest.xml:31:17-49
153            <meta-data
153-->[androidx.profileinstaller:profileinstaller:1.4.0] AndroidManifest.xml:29:13-31:52
154                android:name="androidx.profileinstaller.ProfileInstallerInitializer"
154-->[androidx.profileinstaller:profileinstaller:1.4.0] AndroidManifest.xml:30:17-85
155                android:value="androidx.startup" />
155-->[androidx.profileinstaller:profileinstaller:1.4.0] AndroidManifest.xml:31:17-49
156        </provider>
157
158        <meta-data
158-->[com.google.android.gms:play-services-basement:18.4.0] AndroidManifest.xml:6:9-122
159            android:name="com.google.android.gms.version"
159-->[com.google.android.gms:play-services-basement:18.4.0] AndroidManifest.xml:6:20-65
160            android:value="@integer/google_play_services_version" />
160-->[com.google.android.gms:play-services-basement:18.4.0] AndroidManifest.xml:6:66-119
161
162        <receiver
162-->[androidx.profileinstaller:profileinstaller:1.4.0] AndroidManifest.xml:34:9-52:20
163            android:name="androidx.profileinstaller.ProfileInstallReceiver"
163-->[androidx.profileinstaller:profileinstaller:1.4.0] AndroidManifest.xml:35:13-76
164            android:directBootAware="false"
164-->[androidx.profileinstaller:profileinstaller:1.4.0] AndroidManifest.xml:36:13-44
165            android:enabled="true"
165-->[androidx.profileinstaller:profileinstaller:1.4.0] AndroidManifest.xml:37:13-35
166            android:exported="true"
166-->[androidx.profileinstaller:profileinstaller:1.4.0] AndroidManifest.xml:38:13-36
167            android:permission="android.permission.DUMP" >
167-->[androidx.profileinstaller:profileinstaller:1.4.0] AndroidManifest.xml:39:13-57
168            <intent-filter>
168-->[androidx.profileinstaller:profileinstaller:1.4.0] AndroidManifest.xml:40:13-42:29
169                <action android:name="androidx.profileinstaller.action.INSTALL_PROFILE" />
169-->[androidx.profileinstaller:profileinstaller:1.4.0] AndroidManifest.xml:41:17-91
169-->[androidx.profileinstaller:profileinstaller:1.4.0] AndroidManifest.xml:41:25-88
170            </intent-filter>
171            <intent-filter>
171-->[androidx.profileinstaller:profileinstaller:1.4.0] AndroidManifest.xml:43:13-45:29
172                <action android:name="androidx.profileinstaller.action.SKIP_FILE" />
172-->[androidx.profileinstaller:profileinstaller:1.4.0] AndroidManifest.xml:44:17-85
172-->[androidx.profileinstaller:profileinstaller:1.4.0] AndroidManifest.xml:44:25-82
173            </intent-filter>
174            <intent-filter>
174-->[androidx.profileinstaller:profileinstaller:1.4.0] AndroidManifest.xml:46:13-48:29
175                <action android:name="androidx.profileinstaller.action.SAVE_PROFILE" />
175-->[androidx.profileinstaller:profileinstaller:1.4.0] AndroidManifest.xml:47:17-88
175-->[androidx.profileinstaller:profileinstaller:1.4.0] AndroidManifest.xml:47:25-85
176            </intent-filter>
177            <intent-filter>
177-->[androidx.profileinstaller:profileinstaller:1.4.0] AndroidManifest.xml:49:13-51:29
178                <action android:name="androidx.profileinstaller.action.BENCHMARK_OPERATION" />
178-->[androidx.profileinstaller:profileinstaller:1.4.0] AndroidManifest.xml:50:17-95
178-->[androidx.profileinstaller:profileinstaller:1.4.0] AndroidManifest.xml:50:25-92
179            </intent-filter>
180        </receiver> <!-- The activities will be merged into the manifest of the hosting app. -->
181        <activity
181-->[com.google.android.play:core-common:2.0.3] AndroidManifest.xml:14:9-18:65
182            android:name="com.google.android.play.core.common.PlayCoreDialogWrapperActivity"
182-->[com.google.android.play:core-common:2.0.3] AndroidManifest.xml:15:13-93
183            android:exported="false"
183-->[com.google.android.play:core-common:2.0.3] AndroidManifest.xml:16:13-37
184            android:stateNotNeeded="true"
184-->[com.google.android.play:core-common:2.0.3] AndroidManifest.xml:17:13-42
185            android:theme="@style/Theme.PlayCore.Transparent" />
185-->[com.google.android.play:core-common:2.0.3] AndroidManifest.xml:18:13-62
186    </application>
187
188</manifest>